<?xml version="1.0" encoding="UTF-8"?>
<testng-results ignored="0" total="3" passed="2" failed="1" skipped="0">
  <reporter-output>
  </reporter-output>
  <suite started-at="2020-01-23T03:01:24Z" name="Default suite" finished-at="2020-01-23T03:01:59Z" duration-ms="35207">
    <groups>
    </groups>
    <test started-at="2020-01-23T03:01:24Z" name="Default test" finished-at="2020-01-23T03:01:59Z" duration-ms="35207">
      <class name="Llisteners.extentReports">
        <test-method is-config="true" signature="setExtent()[pri:0, instance:Llisteners.extentReports@7d3a22a9]" started-at="2020-01-23T03:01:24Z" name="setExtent" finished-at="2020-01-23T03:01:24Z" duration-ms="354" status="PASS">
          <reporter-output>
          </reporter-output>
        </test-method> <!-- setExtent -->
        <test-method is-config="true" signature="setUp()[pri:0, instance:Llisteners.extentReports@7d3a22a9]" started-at="2020-01-23T03:01:24Z" name="setUp" finished-at="2020-01-23T03:01:36Z" duration-ms="11320" status="PASS">
          <reporter-output>
          </reporter-output>
        </test-method> <!-- setUp -->
        <test-method signature="loginTest()[pri:0, instance:Llisteners.extentReports@7d3a22a9]" started-at="2020-01-23T03:01:36Z" name="loginTest" finished-at="2020-01-23T03:01:36Z" duration-ms="12" status="FAIL">
          <exception class="java.lang.AssertionError">
            <message>
              <![CDATA[expected [true] but found [false]]]>
            </message>
            <full-stacktrace>
              <![CDATA[java.lang.AssertionError: expected [true] but found [false]
at org.testng.Assert.fail(Assert.java:96)
at org.testng.Assert.failNotEquals(Assert.java:776)
at org.testng.Assert.assertTrue(Assert.java:44)
at org.testng.Assert.assertTrue(Assert.java:54)
at Llisteners.extentReports.loginTest(extentReports.java:95)
at java.base/jdk.internal.reflect.NativeMethodAccessorImpl.invoke0(Native Method)
at java.base/jdk.internal.reflect.NativeMethodAccessorImpl.invoke(NativeMethodAccessorImpl.java:62)
at java.base/jdk.internal.reflect.DelegatingMethodAccessorImpl.invoke(DelegatingMethodAccessorImpl.java:43)
at java.base/java.lang.reflect.Method.invoke(Method.java:567)
at org.testng.internal.MethodInvocationHelper.invokeMethod(MethodInvocationHelper.java:124)
at org.testng.internal.Invoker.invokeMethod(Invoker.java:583)
at org.testng.internal.Invoker.invokeTestMethod(Invoker.java:719)
at org.testng.internal.Invoker.invokeTestMethods(Invoker.java:989)
at org.testng.internal.TestMethodWorker.invokeTestMethods(TestMethodWorker.java:125)
at org.testng.internal.TestMethodWorker.run(TestMethodWorker.java:109)
at org.testng.TestRunner.privateRun(TestRunner.java:648)
at org.testng.TestRunner.run(TestRunner.java:505)
at org.testng.SuiteRunner.runTest(SuiteRunner.java:455)
at org.testng.SuiteRunner.runSequentially(SuiteRunner.java:450)
at org.testng.SuiteRunner.privateRun(SuiteRunner.java:415)
at org.testng.SuiteRunner.run(SuiteRunner.java:364)
at org.testng.SuiteRunnerWorker.runSuite(SuiteRunnerWorker.java:52)
at org.testng.SuiteRunnerWorker.run(SuiteRunnerWorker.java:84)
at org.testng.TestNG.runSuitesSequentially(TestNG.java:1208)
at org.testng.TestNG.runSuitesLocally(TestNG.java:1137)
at org.testng.TestNG.runSuites(TestNG.java:1049)
at org.testng.TestNG.run(TestNG.java:1017)
at org.testng.remote.AbstractRemoteTestNG.run(AbstractRemoteTestNG.java:115)
at org.testng.remote.RemoteTestNG.initAndRun(RemoteTestNG.java:251)
at org.testng.remote.RemoteTestNG.main(RemoteTestNG.java:77)
]]>
            </full-stacktrace>
          </exception> <!-- java.lang.AssertionError -->
          <reporter-output>
          </reporter-output>
        </test-method> <!-- loginTest -->
        <test-method is-config="true" signature="tearDown(org.testng.ITestResult)[pri:0, instance:Llisteners.extentReports@7d3a22a9]" started-at="2020-01-23T03:01:36Z" name="tearDown" finished-at="2020-01-23T03:01:36Z" duration-ms="704" status="PASS">
          <params>
            <param index="0">
              <value>
                <![CDATA[[TestResult name=loginTest status=FAILURE method=extentReports.loginTest()[pri:0, instance:Llisteners.extentReports@7d3a22a9] output={null}]]]>
              </value>
            </param>
          </params>
          <reporter-output>
          </reporter-output>
        </test-method> <!-- tearDown -->
        <test-method is-config="true" signature="setUp()[pri:0, instance:Llisteners.extentReports@7d3a22a9]" started-at="2020-01-23T03:01:36Z" name="setUp" finished-at="2020-01-23T03:01:47Z" duration-ms="10515" status="PASS">
          <reporter-output>
          </reporter-output>
        </test-method> <!-- setUp -->
        <test-method signature="logoTest()[pri:0, instance:Llisteners.extentReports@7d3a22a9]" started-at="2020-01-23T03:01:47Z" name="logoTest" finished-at="2020-01-23T03:01:47Z" duration-ms="85" status="PASS">
          <reporter-output>
          </reporter-output>
        </test-method> <!-- logoTest -->
        <test-method is-config="true" signature="tearDown(org.testng.ITestResult)[pri:0, instance:Llisteners.extentReports@7d3a22a9]" started-at="2020-01-23T03:01:47Z" name="tearDown" finished-at="2020-01-23T03:01:47Z" duration-ms="1" status="PASS">
          <params>
            <param index="0">
              <value>
                <![CDATA[[TestResult name=logoTest status=SUCCESS method=extentReports.logoTest()[pri:0, instance:Llisteners.extentReports@7d3a22a9] output={null}]]]>
              </value>
            </param>
          </params>
          <reporter-output>
          </reporter-output>
        </test-method> <!-- tearDown -->
        <test-method is-config="true" signature="setUp()[pri:0, instance:Llisteners.extentReports@7d3a22a9]" started-at="2020-01-23T03:01:47Z" name="setUp" finished-at="2020-01-23T03:01:58Z" duration-ms="10776" status="PASS">
          <reporter-output>
          </reporter-output>
        </test-method> <!-- setUp -->
        <test-method signature="titleTest()[pri:0, instance:Llisteners.extentReports@7d3a22a9]" started-at="2020-01-23T03:01:58Z" name="titleTest" finished-at="2020-01-23T03:01:58Z" duration-ms="12" status="PASS">
          <reporter-output>
          </reporter-output>
        </test-method> <!-- titleTest -->
        <test-method is-config="true" signature="tearDown(org.testng.ITestResult)[pri:0, instance:Llisteners.extentReports@7d3a22a9]" started-at="2020-01-23T03:01:58Z" name="tearDown" finished-at="2020-01-23T03:01:58Z" duration-ms="1" status="PASS">
          <params>
            <param index="0">
              <value>
                <![CDATA[[TestResult name=titleTest status=SUCCESS method=extentReports.titleTest()[pri:0, instance:Llisteners.extentReports@7d3a22a9] output={null}]]]>
              </value>
            </param>
          </params>
          <reporter-output>
          </reporter-output>
        </test-method> <!-- tearDown -->
        <test-method is-config="true" signature="endReport()[pri:0, instance:Llisteners.extentReports@7d3a22a9]" started-at="2020-01-23T03:01:58Z" name="endReport" finished-at="2020-01-23T03:01:59Z" duration-ms="1396" status="PASS">
          <reporter-output>
          </reporter-output>
        </test-method> <!-- endReport -->
      </class> <!-- Llisteners.extentReports -->
    </test> <!-- Default test -->
  </suite> <!-- Default suite -->
</testng-results>
